<?xml version="1.0" encoding="UTF-8"?>
<coverage generated="1564404108708" clover="3.2.0">
  <project timestamp="1564404108708" name="All files">
    <metrics statements="90" coveredstatements="89" conditionals="69" coveredconditionals="68" methods="17" coveredmethods="16" elements="176" coveredelements="173" complexity="0" loc="90" ncloc="90" packages="2" files="5" classes="5"/>
    <package name="src">
      <metrics statements="43" coveredstatements="42" conditionals="26" coveredconditionals="25" methods="6" coveredmethods="6"/>
      <file name="parsers.js" path="/home/artur/GenDiff/src/parsers.js">
        <metrics statements="28" coveredstatements="27" conditionals="19" coveredconditionals="18" methods="4" coveredmethods="4"/>
        <line num="6" count="1" type="stmt"/>
        <line num="7" count="38" type="stmt"/>
        <line num="8" count="112" type="cond" truecount="2" falsecount="0"/>
        <line num="9" count="84" type="cond" truecount="7" falsecount="0"/>
        <line num="10" count="32" type="cond" truecount="2" falsecount="0"/>
        <line num="11" count="8" type="stmt"/>
        <line num="16" count="8" type="stmt"/>
        <line num="18" count="24" type="stmt"/>
        <line num="21" count="24" type="stmt"/>
        <line num="23" count="52" type="cond" truecount="2" falsecount="0"/>
        <line num="24" count="30" type="stmt"/>
        <line num="27" count="30" type="stmt"/>
        <line num="29" count="22" type="stmt"/>
        <line num="34" count="22" type="stmt"/>
        <line num="36" count="28" type="stmt"/>
        <line num="39" count="28" type="stmt"/>
        <line num="41" count="38" type="stmt"/>
        <line num="42" count="130" type="cond" truecount="2" falsecount="0"/>
        <line num="43" count="46" type="stmt"/>
        <line num="46" count="46" type="stmt"/>
        <line num="48" count="84" type="stmt"/>
        <line num="50" count="38" type="stmt"/>
        <line num="54" count="14" type="stmt"/>
        <line num="55" count="14" type="cond" truecount="1" falsecount="1"/>
        <line num="56" count="0" type="stmt"/>
        <line num="58" count="14" type="cond" truecount="2" falsecount="0"/>
        <line num="59" count="2" type="stmt"/>
        <line num="61" count="12" type="stmt"/>
      </file>
      <file name="runGennDiff.js" path="/home/artur/GenDiff/src/runGennDiff.js">
        <metrics statements="15" coveredstatements="15" conditionals="7" coveredconditionals="7" methods="2" coveredmethods="2"/>
        <line num="8" count="14" type="stmt"/>
        <line num="9" count="14" type="stmt"/>
        <line num="10" count="14" type="cond" truecount="2" falsecount="0"/>
        <line num="11" count="6" type="stmt"/>
        <line num="13" count="14" type="cond" truecount="2" falsecount="0"/>
        <line num="14" count="4" type="stmt"/>
        <line num="16" count="14" type="cond" truecount="2" falsecount="0"/>
        <line num="17" count="4" type="stmt"/>
        <line num="19" count="14" type="stmt"/>
        <line num="23" count="7" type="stmt"/>
        <line num="24" count="7" type="stmt"/>
        <line num="25" count="7" type="stmt"/>
        <line num="26" count="7" type="stmt"/>
        <line num="27" count="7" type="stmt"/>
        <line num="28" count="7" type="stmt"/>
      </file>
    </package>
    <package name="src.formatters">
      <metrics statements="47" coveredstatements="47" conditionals="43" coveredconditionals="43" methods="11" coveredmethods="10"/>
      <file name="getJsonFormat.js" path="/home/artur/GenDiff/src/formatters/getJsonFormat.js">
        <metrics statements="1" coveredstatements="1" conditionals="0" coveredconditionals="0" methods="1" coveredmethods="0"/>
        <line num="1" count="1" type="stmt"/>
      </file>
      <file name="getPlainFormat.js" path="/home/artur/GenDiff/src/formatters/getPlainFormat.js">
        <metrics statements="30" coveredstatements="30" conditionals="28" coveredconditionals="28" methods="5" coveredmethods="5"/>
        <line num="2" count="10" type="stmt"/>
        <line num="3" count="46" type="cond" truecount="4" falsecount="0"/>
        <line num="4" count="6" type="stmt"/>
        <line num="7" count="4" type="stmt"/>
        <line num="11" count="28" type="stmt"/>
        <line num="12" count="108" type="cond" truecount="4" falsecount="0"/>
        <line num="13" count="18" type="stmt"/>
        <line num="16" count="10" type="stmt"/>
        <line num="21" count="2" type="stmt"/>
        <line num="22" count="8" type="stmt"/>
        <line num="24" count="38" type="cond" truecount="2" falsecount="0"/>
        <line num="25" count="24" type="stmt"/>
        <line num="26" count="14" type="cond" truecount="4" falsecount="0"/>
        <line num="27" count="4" type="stmt"/>
        <line num="29" count="10" type="stmt"/>
        <line num="32" count="38" type="cond" truecount="2" falsecount="0"/>
        <line num="33" count="10" type="cond" truecount="2" falsecount="0"/>
        <line num="34" count="6" type="stmt"/>
        <line num="36" count="4" type="stmt"/>
        <line num="38" count="28" type="cond" truecount="2" falsecount="0"/>
        <line num="39" count="16" type="cond" truecount="2" falsecount="0"/>
        <line num="40" count="10" type="stmt"/>
        <line num="42" count="6" type="cond" truecount="2" falsecount="0"/>
        <line num="43" count="6" type="stmt"/>
        <line num="45" count="12" type="cond" truecount="4" falsecount="0"/>
        <line num="46" count="6" type="stmt"/>
        <line num="47" count="6" type="stmt"/>
        <line num="49" count="6" type="stmt"/>
        <line num="51" count="8" type="stmt"/>
        <line num="53" count="2" type="stmt"/>
      </file>
      <file name="getTreeFormat.js" path="/home/artur/GenDiff/src/formatters/getTreeFormat.js">
        <metrics statements="16" coveredstatements="16" conditionals="15" coveredconditionals="15" methods="5" coveredmethods="5"/>
        <line num="2" count="228" type="stmt"/>
        <line num="6" count="12" type="stmt"/>
        <line num="7" count="30" type="stmt"/>
        <line num="9" count="150" type="cond" truecount="2" falsecount="0"/>
        <line num="10" count="48" type="stmt"/>
        <line num="12" count="150" type="cond" truecount="2" falsecount="0"/>
        <line num="13" count="60" type="stmt"/>
        <line num="15" count="150" type="cond" truecount="2" falsecount="0"/>
        <line num="16" count="42" type="stmt"/>
        <line num="18" count="150" type="cond" truecount="2" falsecount="0"/>
        <line num="19" count="18" type="stmt"/>
        <line num="21" count="132" type="cond" truecount="7" falsecount="0"/>
        <line num="22" count="30" type="stmt"/>
        <line num="24" count="102" type="stmt"/>
        <line num="26" count="30" type="stmt"/>
        <line num="28" count="12" type="stmt"/>
      </file>
    </package>
  </project>
</coverage>
