{"/home/artur/GenDiff/src/parsers.js": {"path":"/home/artur/GenDiff/src/parsers.js","statementMap":{"0":{"start":{"line":6,"column":26},"end":{"line":51,"column":1}},"1":{"start":{"line":7,"column":20},"end":{"line":40,"column":8}},"2":{"start":{"line":8,"column":4},"end":{"line":35,"column":5}},"3":{"start":{"line":9,"column":6},"end":{"line":22,"column":7}},"4":{"start":{"line":10,"column":8},"end":{"line":17,"column":9}},"5":{"start":{"line":11,"column":25},"end":{"line":15,"column":12}},"6":{"start":{"line":16,"column":10},"end":{"line":16,"column":24}},"7":{"start":{"line":18,"column":23},"end":{"line":20,"column":10}},"8":{"start":{"line":21,"column":8},"end":{"line":21,"column":22}},"9":{"start":{"line":23,"column":6},"end":{"line":28,"column":7}},"10":{"start":{"line":24,"column":23},"end":{"line":26,"column":10}},"11":{"start":{"line":27,"column":8},"end":{"line":27,"column":22}},"12":{"start":{"line":29,"column":21},"end":{"line":33,"column":8}},"13":{"start":{"line":34,"column":6},"end":{"line":34,"column":20}},"14":{"start":{"line":36,"column":19},"end":{"line":38,"column":6}},"15":{"start":{"line":39,"column":4},"end":{"line":39,"column":18}},"16":{"start":{"line":41,"column":17},"end":{"line":49,"column":15}},"17":{"start":{"line":42,"column":4},"end":{"line":47,"column":5}},"18":{"start":{"line":43,"column":21},"end":{"line":45,"column":8}},"19":{"start":{"line":46,"column":6},"end":{"line":46,"column":20}},"20":{"start":{"line":48,"column":4},"end":{"line":48,"column":15}},"21":{"start":{"line":50,"column":2},"end":{"line":50,"column":16}},"22":{"start":{"line":54,"column":18},"end":{"line":54,"column":50}},"23":{"start":{"line":55,"column":2},"end":{"line":57,"column":3}},"24":{"start":{"line":56,"column":4},"end":{"line":56,"column":34}},"25":{"start":{"line":58,"column":2},"end":{"line":60,"column":3}},"26":{"start":{"line":59,"column":4},"end":{"line":59,"column":35}},"27":{"start":{"line":61,"column":2},"end":{"line":61,"column":32}}},"fnMap":{"0":{"name":"(anonymous_0)","decl":{"start":{"line":6,"column":26},"end":{"line":6,"column":27}},"loc":{"start":{"line":6,"column":45},"end":{"line":51,"column":1}},"line":6},"1":{"name":"(anonymous_1)","decl":{"start":{"line":7,"column":47},"end":{"line":7,"column":48}},"loc":{"start":{"line":7,"column":61},"end":{"line":40,"column":3}},"line":7},"2":{"name":"(anonymous_2)","decl":{"start":{"line":41,"column":43},"end":{"line":41,"column":44}},"loc":{"start":{"line":41,"column":57},"end":{"line":49,"column":3}},"line":41},"3":{"name":"generationStringData","decl":{"start":{"line":53,"column":9},"end":{"line":53,"column":29}},"loc":{"start":{"line":53,"column":53},"end":{"line":62,"column":1}},"line":53}},"branchMap":{"0":{"loc":{"start":{"line":8,"column":4},"end":{"line":35,"column":5}},"type":"if","locations":[{"start":{"line":8,"column":4},"end":{"line":35,"column":5}},{"start":{"line":8,"column":4},"end":{"line":35,"column":5}}],"line":8},"1":{"loc":{"start":{"line":9,"column":6},"end":{"line":22,"column":7}},"type":"if","locations":[{"start":{"line":9,"column":6},"end":{"line":22,"column":7}},{"start":{"line":9,"column":6},"end":{"line":22,"column":7}}],"line":9},"2":{"loc":{"start":{"line":9,"column":10},"end":{"line":9,"column":180}},"type":"binary-expr","locations":[{"start":{"line":9,"column":10},"end":{"line":9,"column":41}},{"start":{"line":9,"column":45},"end":{"line":9,"column":76}},{"start":{"line":9,"column":80},"end":{"line":9,"column":111}},{"start":{"line":9,"column":115},"end":{"line":9,"column":147}},{"start":{"line":9,"column":151},"end":{"line":9,"column":180}}],"line":9},"3":{"loc":{"start":{"line":10,"column":8},"end":{"line":17,"column":9}},"type":"if","locations":[{"start":{"line":10,"column":8},"end":{"line":17,"column":9}},{"start":{"line":10,"column":8},"end":{"line":17,"column":9}}],"line":10},"4":{"loc":{"start":{"line":23,"column":6},"end":{"line":28,"column":7}},"type":"if","locations":[{"start":{"line":23,"column":6},"end":{"line":28,"column":7}},{"start":{"line":23,"column":6},"end":{"line":28,"column":7}}],"line":23},"5":{"loc":{"start":{"line":42,"column":4},"end":{"line":47,"column":5}},"type":"if","locations":[{"start":{"line":42,"column":4},"end":{"line":47,"column":5}},{"start":{"line":42,"column":4},"end":{"line":47,"column":5}}],"line":42},"6":{"loc":{"start":{"line":55,"column":2},"end":{"line":57,"column":3}},"type":"if","locations":[{"start":{"line":55,"column":2},"end":{"line":57,"column":3}},{"start":{"line":55,"column":2},"end":{"line":57,"column":3}}],"line":55},"7":{"loc":{"start":{"line":58,"column":2},"end":{"line":60,"column":3}},"type":"if","locations":[{"start":{"line":58,"column":2},"end":{"line":60,"column":3}},{"start":{"line":58,"column":2},"end":{"line":60,"column":3}}],"line":58}},"s":{"0":1,"1":38,"2":112,"3":84,"4":32,"5":8,"6":8,"7":24,"8":24,"9":52,"10":30,"11":30,"12":22,"13":22,"14":28,"15":28,"16":38,"17":130,"18":46,"19":46,"20":84,"21":38,"22":14,"23":14,"24":0,"25":14,"26":2,"27":12},"f":{"0":38,"1":112,"2":130,"3":14},"b":{"0":[84,28],"1":[32,52],"2":[84,44,40,40,32],"3":[8,24],"4":[30,22],"5":[46,84],"6":[0,14],"7":[2,12]},"_coverageSchema":"43e27e138ebf9cfc5966b082cf9a028302ed4184","hash":"81f7732abd6e2785fe906384a3ac11d142d8dd27"}
,"/home/artur/GenDiff/src/runGennDiff.js": {"path":"/home/artur/GenDiff/src/runGennDiff.js","statementMap":{"0":{"start":{"line":8,"column":14},"end":{"line":8,"column":48}},"1":{"start":{"line":9,"column":15},"end":{"line":9,"column":17}},"2":{"start":{"line":10,"column":2},"end":{"line":12,"column":3}},"3":{"start":{"line":11,"column":4},"end":{"line":11,"column":29}},"4":{"start":{"line":13,"column":2},"end":{"line":15,"column":3}},"5":{"start":{"line":14,"column":4},"end":{"line":14,"column":32}},"6":{"start":{"line":16,"column":2},"end":{"line":18,"column":3}},"7":{"start":{"line":17,"column":4},"end":{"line":17,"column":29}},"8":{"start":{"line":19,"column":2},"end":{"line":19,"column":16}},"9":{"start":{"line":23,"column":21},"end":{"line":23,"column":59}},"10":{"start":{"line":24,"column":20},"end":{"line":24,"column":59}},"11":{"start":{"line":25,"column":22},"end":{"line":25,"column":45}},"12":{"start":{"line":26,"column":21},"end":{"line":26,"column":43}},"13":{"start":{"line":27,"column":2},"end":{"line":27,"column":69}},"14":{"start":{"line":28,"column":2},"end":{"line":28,"column":63}}},"fnMap":{"0":{"name":"buildObject","decl":{"start":{"line":7,"column":9},"end":{"line":7,"column":20}},"loc":{"start":{"line":7,"column":31},"end":{"line":20,"column":1}},"line":7},"1":{"name":"runGennDiff","decl":{"start":{"line":22,"column":9},"end":{"line":22,"column":20}},"loc":{"start":{"line":22,"column":61},"end":{"line":29,"column":1}},"line":22}},"branchMap":{"0":{"loc":{"start":{"line":10,"column":2},"end":{"line":12,"column":3}},"type":"if","locations":[{"start":{"line":10,"column":2},"end":{"line":12,"column":3}},{"start":{"line":10,"column":2},"end":{"line":12,"column":3}}],"line":10},"1":{"loc":{"start":{"line":13,"column":2},"end":{"line":15,"column":3}},"type":"if","locations":[{"start":{"line":13,"column":2},"end":{"line":15,"column":3}},{"start":{"line":13,"column":2},"end":{"line":15,"column":3}}],"line":13},"2":{"loc":{"start":{"line":16,"column":2},"end":{"line":18,"column":3}},"type":"if","locations":[{"start":{"line":16,"column":2},"end":{"line":18,"column":3}},{"start":{"line":16,"column":2},"end":{"line":18,"column":3}}],"line":16},"3":{"loc":{"start":{"line":22,"column":44},"end":{"line":22,"column":59}},"type":"default-arg","locations":[{"start":{"line":22,"column":53},"end":{"line":22,"column":59}}],"line":22}},"s":{"0":14,"1":14,"2":14,"3":6,"4":14,"5":4,"6":14,"7":4,"8":14,"9":7,"10":7,"11":7,"12":7,"13":7,"14":7},"f":{"0":14,"1":7},"b":{"0":[6,8],"1":[4,10],"2":[4,10],"3":[6]},"_coverageSchema":"43e27e138ebf9cfc5966b082cf9a028302ed4184","hash":"349052d22b27831a1cb18db2f3830dd73b689521"}
,"/home/artur/GenDiff/src/formatters/getJsonFormat.js": {"path":"/home/artur/GenDiff/src/formatters/getJsonFormat.js","statementMap":{"0":{"start":{"line":1,"column":22},"end":{"line":1,"column":50}},"1":{"start":{"line":1,"column":30},"end":{"line":1,"column":50}}},"fnMap":{"0":{"name":"(anonymous_0)","decl":{"start":{"line":1,"column":22},"end":{"line":1,"column":23}},"loc":{"start":{"line":1,"column":30},"end":{"line":1,"column":50}},"line":1}},"branchMap":{},"s":{"0":1,"1":0},"f":{"0":0},"b":{},"_coverageSchema":"43e27e138ebf9cfc5966b082cf9a028302ed4184","hash":"8d2ef35329f5f1c5a9fe28dbff7ab8fd8c98903d"}
,"/home/artur/GenDiff/src/formatters/getPlainFormat.js": {"path":"/home/artur/GenDiff/src/formatters/getPlainFormat.js","statementMap":{"0":{"start":{"line":2,"column":2},"end":{"line":6,"column":3}},"1":{"start":{"line":2,"column":15},"end":{"line":2,"column":16}},"2":{"start":{"line":3,"column":4},"end":{"line":5,"column":5}},"3":{"start":{"line":4,"column":6},"end":{"line":4,"column":18}},"4":{"start":{"line":7,"column":2},"end":{"line":7,"column":15}},"5":{"start":{"line":11,"column":2},"end":{"line":15,"column":3}},"6":{"start":{"line":11,"column":15},"end":{"line":11,"column":16}},"7":{"start":{"line":12,"column":4},"end":{"line":14,"column":5}},"8":{"start":{"line":13,"column":6},"end":{"line":13,"column":31}},"9":{"start":{"line":16,"column":2},"end":{"line":16,"column":15}},"10":{"start":{"line":21,"column":16},"end":{"line":52,"column":3}},"11":{"start":{"line":22,"column":19},"end":{"line":50,"column":10}},"12":{"start":{"line":24,"column":6},"end":{"line":30,"column":7}},"13":{"start":{"line":25,"column":8},"end":{"line":25,"column":34}},"14":{"start":{"line":26,"column":13},"end":{"line":30,"column":7}},"15":{"start":{"line":27,"column":8},"end":{"line":27,"column":27}},"16":{"start":{"line":29,"column":8},"end":{"line":29,"column":34}},"17":{"start":{"line":32,"column":6},"end":{"line":37,"column":7}},"18":{"start":{"line":33,"column":8},"end":{"line":35,"column":9}},"19":{"start":{"line":34,"column":10},"end":{"line":34,"column":21}},"20":{"start":{"line":36,"column":8},"end":{"line":36,"column":71}},"21":{"start":{"line":38,"column":6},"end":{"line":44,"column":7}},"22":{"start":{"line":39,"column":8},"end":{"line":41,"column":9}},"23":{"start":{"line":40,"column":10},"end":{"line":40,"column":92}},"24":{"start":{"line":42,"column":28},"end":{"line":42,"column":148}},"25":{"start":{"line":43,"column":8},"end":{"line":43,"column":104}},"26":{"start":{"line":45,"column":6},"end":{"line":48,"column":7}},"27":{"start":{"line":46,"column":21},"end":{"line":46,"column":46}},"28":{"start":{"line":47,"column":8},"end":{"line":47,"column":53}},"29":{"start":{"line":49,"column":6},"end":{"line":49,"column":17}},"30":{"start":{"line":51,"column":4},"end":{"line":51,"column":18}},"31":{"start":{"line":53,"column":2},"end":{"line":53,"column":32}}},"fnMap":{"0":{"name":"equalsKeys","decl":{"start":{"line":1,"column":9},"end":{"line":1,"column":19}},"loc":{"start":{"line":1,"column":40},"end":{"line":8,"column":1}},"line":1},"1":{"name":"equalsKeysAdd","decl":{"start":{"line":10,"column":9},"end":{"line":10,"column":22}},"loc":{"start":{"line":10,"column":43},"end":{"line":17,"column":1}},"line":10},"2":{"name":"getPlainFormat","decl":{"start":{"line":20,"column":9},"end":{"line":20,"column":23}},"loc":{"start":{"line":20,"column":30},"end":{"line":54,"column":1}},"line":20},"3":{"name":"(anonymous_3)","decl":{"start":{"line":21,"column":16},"end":{"line":21,"column":17}},"loc":{"start":{"line":21,"column":39},"end":{"line":52,"column":3}},"line":21},"4":{"name":"(anonymous_4)","decl":{"start":{"line":22,"column":35},"end":{"line":22,"column":36}},"loc":{"start":{"line":22,"column":50},"end":{"line":50,"column":5}},"line":22}},"branchMap":{"0":{"loc":{"start":{"line":3,"column":4},"end":{"line":5,"column":5}},"type":"if","locations":[{"start":{"line":3,"column":4},"end":{"line":5,"column":5}},{"start":{"line":3,"column":4},"end":{"line":5,"column":5}}],"line":3},"1":{"loc":{"start":{"line":3,"column":8},"end":{"line":3,"column":72}},"type":"binary-expr","locations":[{"start":{"line":3,"column":8},"end":{"line":3,"column":42}},{"start":{"line":3,"column":46},"end":{"line":3,"column":72}}],"line":3},"2":{"loc":{"start":{"line":12,"column":4},"end":{"line":14,"column":5}},"type":"if","locations":[{"start":{"line":12,"column":4},"end":{"line":14,"column":5}},{"start":{"line":12,"column":4},"end":{"line":14,"column":5}}],"line":12},"3":{"loc":{"start":{"line":12,"column":8},"end":{"line":12,"column":76}},"type":"binary-expr","locations":[{"start":{"line":12,"column":8},"end":{"line":12,"column":42}},{"start":{"line":12,"column":46},"end":{"line":12,"column":76}}],"line":12},"4":{"loc":{"start":{"line":24,"column":6},"end":{"line":30,"column":7}},"type":"if","locations":[{"start":{"line":24,"column":6},"end":{"line":30,"column":7}},{"start":{"line":24,"column":6},"end":{"line":30,"column":7}}],"line":24},"5":{"loc":{"start":{"line":26,"column":13},"end":{"line":30,"column":7}},"type":"if","locations":[{"start":{"line":26,"column":13},"end":{"line":30,"column":7}},{"start":{"line":26,"column":13},"end":{"line":30,"column":7}}],"line":26},"6":{"loc":{"start":{"line":26,"column":17},"end":{"line":26,"column":82}},"type":"binary-expr","locations":[{"start":{"line":26,"column":17},"end":{"line":26,"column":47}},{"start":{"line":26,"column":51},"end":{"line":26,"column":82}}],"line":26},"7":{"loc":{"start":{"line":32,"column":6},"end":{"line":37,"column":7}},"type":"if","locations":[{"start":{"line":32,"column":6},"end":{"line":37,"column":7}},{"start":{"line":32,"column":6},"end":{"line":37,"column":7}}],"line":32},"8":{"loc":{"start":{"line":33,"column":8},"end":{"line":35,"column":9}},"type":"if","locations":[{"start":{"line":33,"column":8},"end":{"line":35,"column":9}},{"start":{"line":33,"column":8},"end":{"line":35,"column":9}}],"line":33},"9":{"loc":{"start":{"line":38,"column":6},"end":{"line":44,"column":7}},"type":"if","locations":[{"start":{"line":38,"column":6},"end":{"line":44,"column":7}},{"start":{"line":38,"column":6},"end":{"line":44,"column":7}}],"line":38},"10":{"loc":{"start":{"line":39,"column":8},"end":{"line":41,"column":9}},"type":"if","locations":[{"start":{"line":39,"column":8},"end":{"line":41,"column":9}},{"start":{"line":39,"column":8},"end":{"line":41,"column":9}}],"line":39},"11":{"loc":{"start":{"line":42,"column":28},"end":{"line":42,"column":148}},"type":"cond-expr","locations":[{"start":{"line":42,"column":80},"end":{"line":42,"column":116}},{"start":{"line":42,"column":119},"end":{"line":42,"column":148}}],"line":42},"12":{"loc":{"start":{"line":45,"column":6},"end":{"line":48,"column":7}},"type":"if","locations":[{"start":{"line":45,"column":6},"end":{"line":48,"column":7}},{"start":{"line":45,"column":6},"end":{"line":48,"column":7}}],"line":45},"13":{"loc":{"start":{"line":45,"column":10},"end":{"line":45,"column":63}},"type":"binary-expr","locations":[{"start":{"line":45,"column":10},"end":{"line":45,"column":35}},{"start":{"line":45,"column":39},"end":{"line":45,"column":63}}],"line":45}},"s":{"0":10,"1":10,"2":46,"3":6,"4":4,"5":28,"6":28,"7":108,"8":18,"9":10,"10":2,"11":8,"12":38,"13":24,"14":14,"15":4,"16":10,"17":38,"18":10,"19":6,"20":4,"21":28,"22":16,"23":10,"24":6,"25":6,"26":12,"27":6,"28":6,"29":6,"30":8,"31":2},"f":{"0":10,"1":28,"2":2,"3":8,"4":38},"b":{"0":[6,40],"1":[46,16],"2":[18,90],"3":[108,28],"4":[24,14],"5":[4,10],"6":[14,14],"7":[10,28],"8":[6,4],"9":[16,12],"10":[10,6],"11":[2,4],"12":[6,6],"13":[12,12]},"_coverageSchema":"43e27e138ebf9cfc5966b082cf9a028302ed4184","hash":"db7b4d1d4796ae05e12817474b0d873ba35a6aeb"}
,"/home/artur/GenDiff/src/formatters/getTreeFormat.js": {"path":"/home/artur/GenDiff/src/formatters/getTreeFormat.js","statementMap":{"0":{"start":{"line":2,"column":2},"end":{"line":2,"column":29}},"1":{"start":{"line":6,"column":16},"end":{"line":27,"column":3}},"2":{"start":{"line":7,"column":19},"end":{"line":25,"column":10}},"3":{"start":{"line":9,"column":6},"end":{"line":11,"column":7}},"4":{"start":{"line":10,"column":8},"end":{"line":10,"column":21}},"5":{"start":{"line":12,"column":6},"end":{"line":14,"column":7}},"6":{"start":{"line":13,"column":8},"end":{"line":13,"column":21}},"7":{"start":{"line":15,"column":6},"end":{"line":17,"column":7}},"8":{"start":{"line":16,"column":8},"end":{"line":16,"column":21}},"9":{"start":{"line":18,"column":6},"end":{"line":20,"column":7}},"10":{"start":{"line":19,"column":8},"end":{"line":19,"column":118}},"11":{"start":{"line":21,"column":6},"end":{"line":23,"column":7}},"12":{"start":{"line":22,"column":8},"end":{"line":22,"column":184}},"13":{"start":{"line":22,"column":100},"end":{"line":22,"column":148}},"14":{"start":{"line":24,"column":6},"end":{"line":24,"column":75}},"15":{"start":{"line":26,"column":4},"end":{"line":26,"column":18}},"16":{"start":{"line":28,"column":2},"end":{"line":28,"column":33}}},"fnMap":{"0":{"name":"tabs","decl":{"start":{"line":1,"column":9},"end":{"line":1,"column":13}},"loc":{"start":{"line":1,"column":19},"end":{"line":3,"column":1}},"line":1},"1":{"name":"parseString","decl":{"start":{"line":5,"column":9},"end":{"line":5,"column":20}},"loc":{"start":{"line":5,"column":27},"end":{"line":29,"column":1}},"line":5},"2":{"name":"(anonymous_2)","decl":{"start":{"line":6,"column":16},"end":{"line":6,"column":17}},"loc":{"start":{"line":6,"column":37},"end":{"line":27,"column":3}},"line":6},"3":{"name":"(anonymous_3)","decl":{"start":{"line":7,"column":35},"end":{"line":7,"column":36}},"loc":{"start":{"line":7,"column":50},"end":{"line":25,"column":5}},"line":7},"4":{"name":"(anonymous_4)","decl":{"start":{"line":22,"column":93},"end":{"line":22,"column":94}},"loc":{"start":{"line":22,"column":100},"end":{"line":22,"column":148}},"line":22}},"branchMap":{"0":{"loc":{"start":{"line":9,"column":6},"end":{"line":11,"column":7}},"type":"if","locations":[{"start":{"line":9,"column":6},"end":{"line":11,"column":7}},{"start":{"line":9,"column":6},"end":{"line":11,"column":7}}],"line":9},"1":{"loc":{"start":{"line":12,"column":6},"end":{"line":14,"column":7}},"type":"if","locations":[{"start":{"line":12,"column":6},"end":{"line":14,"column":7}},{"start":{"line":12,"column":6},"end":{"line":14,"column":7}}],"line":12},"2":{"loc":{"start":{"line":15,"column":6},"end":{"line":17,"column":7}},"type":"if","locations":[{"start":{"line":15,"column":6},"end":{"line":17,"column":7}},{"start":{"line":15,"column":6},"end":{"line":17,"column":7}}],"line":15},"3":{"loc":{"start":{"line":18,"column":6},"end":{"line":20,"column":7}},"type":"if","locations":[{"start":{"line":18,"column":6},"end":{"line":20,"column":7}},{"start":{"line":18,"column":6},"end":{"line":20,"column":7}}],"line":18},"4":{"loc":{"start":{"line":21,"column":6},"end":{"line":23,"column":7}},"type":"if","locations":[{"start":{"line":21,"column":6},"end":{"line":23,"column":7}},{"start":{"line":21,"column":6},"end":{"line":23,"column":7}}],"line":21},"5":{"loc":{"start":{"line":21,"column":10},"end":{"line":21,"column":175}},"type":"binary-expr","locations":[{"start":{"line":21,"column":10},"end":{"line":21,"column":40}},{"start":{"line":21,"column":44},"end":{"line":21,"column":74}},{"start":{"line":21,"column":78},"end":{"line":21,"column":108}},{"start":{"line":21,"column":112},"end":{"line":21,"column":143}},{"start":{"line":21,"column":147},"end":{"line":21,"column":175}}],"line":21}},"s":{"0":228,"1":12,"2":30,"3":150,"4":48,"5":150,"6":60,"7":150,"8":42,"9":150,"10":18,"11":132,"12":30,"13":30,"14":102,"15":30,"16":12},"f":{"0":228,"1":12,"2":30,"3":150,"4":30},"b":{"0":[48,102],"1":[60,90],"2":[42,108],"3":[18,132],"4":[30,102],"5":[132,64,54,54,30]},"_coverageSchema":"43e27e138ebf9cfc5966b082cf9a028302ed4184","hash":"0be8ed1c3a2d3b24030c748952569a6a3c526a58"}
}
