TN:
SF:/home/artur/GenDiff/src/parsers.js
FN:6,(anonymous_0)
FN:7,(anonymous_1)
FN:41,(anonymous_2)
FN:53,generationStringData
FNF:4
FNH:4
FNDA:38,(anonymous_0)
FNDA:112,(anonymous_1)
FNDA:130,(anonymous_2)
FNDA:14,generationStringData
DA:6,1
DA:7,38
DA:8,112
DA:9,84
DA:10,32
DA:11,8
DA:16,8
DA:18,24
DA:21,24
DA:23,52
DA:24,30
DA:27,30
DA:29,22
DA:34,22
DA:36,28
DA:39,28
DA:41,38
DA:42,130
DA:43,46
DA:46,46
DA:48,84
DA:50,38
DA:54,14
DA:55,14
DA:56,0
DA:58,14
DA:59,2
DA:61,12
LF:28
LH:27
BRDA:8,0,0,84
BRDA:8,0,1,28
BRDA:9,1,0,32
BRDA:9,1,1,52
BRDA:9,2,0,84
BRDA:9,2,1,44
BRDA:9,2,2,40
BRDA:9,2,3,40
BRDA:9,2,4,32
BRDA:10,3,0,8
BRDA:10,3,1,24
BRDA:23,4,0,30
BRDA:23,4,1,22
BRDA:42,5,0,46
BRDA:42,5,1,84
BRDA:55,6,0,0
BRDA:55,6,1,14
BRDA:58,7,0,2
BRDA:58,7,1,12
BRF:19
BRH:18
end_of_record
TN:
SF:/home/artur/GenDiff/src/runGennDiff.js
FN:7,buildObject
FN:22,runGennDiff
FNF:2
FNH:2
FNDA:14,buildObject
FNDA:7,runGennDiff
DA:8,14
DA:9,14
DA:10,14
DA:11,6
DA:13,14
DA:14,4
DA:16,14
DA:17,4
DA:19,14
DA:23,7
DA:24,7
DA:25,7
DA:26,7
DA:27,7
DA:28,7
LF:15
LH:15
BRDA:10,0,0,6
BRDA:10,0,1,8
BRDA:13,1,0,4
BRDA:13,1,1,10
BRDA:16,2,0,4
BRDA:16,2,1,10
BRDA:22,3,0,6
BRF:7
BRH:7
end_of_record
TN:
SF:/home/artur/GenDiff/src/formatters/getJsonFormat.js
FN:1,(anonymous_0)
FNF:1
FNH:0
FNDA:0,(anonymous_0)
DA:1,1
LF:1
LH:1
BRF:0
BRH:0
end_of_record
TN:
SF:/home/artur/GenDiff/src/formatters/getPlainFormat.js
FN:1,equalsKeys
FN:10,equalsKeysAdd
FN:20,getPlainFormat
FN:21,(anonymous_3)
FN:22,(anonymous_4)
FNF:5
FNH:5
FNDA:10,equalsKeys
FNDA:28,equalsKeysAdd
FNDA:2,getPlainFormat
FNDA:8,(anonymous_3)
FNDA:38,(anonymous_4)
DA:2,10
DA:3,46
DA:4,6
DA:7,4
DA:11,28
DA:12,108
DA:13,18
DA:16,10
DA:21,2
DA:22,8
DA:24,38
DA:25,24
DA:26,14
DA:27,4
DA:29,10
DA:32,38
DA:33,10
DA:34,6
DA:36,4
DA:38,28
DA:39,16
DA:40,10
DA:42,6
DA:43,6
DA:45,12
DA:46,6
DA:47,6
DA:49,6
DA:51,8
DA:53,2
LF:30
LH:30
BRDA:3,0,0,6
BRDA:3,0,1,40
BRDA:3,1,0,46
BRDA:3,1,1,16
BRDA:12,2,0,18
BRDA:12,2,1,90
BRDA:12,3,0,108
BRDA:12,3,1,28
BRDA:24,4,0,24
BRDA:24,4,1,14
BRDA:26,5,0,4
BRDA:26,5,1,10
BRDA:26,6,0,14
BRDA:26,6,1,14
BRDA:32,7,0,10
BRDA:32,7,1,28
BRDA:33,8,0,6
BRDA:33,8,1,4
BRDA:38,9,0,16
BRDA:38,9,1,12
BRDA:39,10,0,10
BRDA:39,10,1,6
BRDA:42,11,0,2
BRDA:42,11,1,4
BRDA:45,12,0,6
BRDA:45,12,1,6
BRDA:45,13,0,12
BRDA:45,13,1,12
BRF:28
BRH:28
end_of_record
TN:
SF:/home/artur/GenDiff/src/formatters/getTreeFormat.js
FN:1,tabs
FN:5,parseString
FN:6,(anonymous_2)
FN:7,(anonymous_3)
FN:22,(anonymous_4)
FNF:5
FNH:5
FNDA:228,tabs
FNDA:12,parseString
FNDA:30,(anonymous_2)
FNDA:150,(anonymous_3)
FNDA:30,(anonymous_4)
DA:2,228
DA:6,12
DA:7,30
DA:9,150
DA:10,48
DA:12,150
DA:13,60
DA:15,150
DA:16,42
DA:18,150
DA:19,18
DA:21,132
DA:22,30
DA:24,102
DA:26,30
DA:28,12
LF:16
LH:16
BRDA:9,0,0,48
BRDA:9,0,1,102
BRDA:12,1,0,60
BRDA:12,1,1,90
BRDA:15,2,0,42
BRDA:15,2,1,108
BRDA:18,3,0,18
BRDA:18,3,1,132
BRDA:21,4,0,30
BRDA:21,4,1,102
BRDA:21,5,0,132
BRDA:21,5,1,64
BRDA:21,5,2,54
BRDA:21,5,3,54
BRDA:21,5,4,30
BRF:15
BRH:15
end_of_record
